<?xml version="1.0" encoding="UTF-8"?>
<!-- Generated by org.testng.reporters.JUnitReportReporter -->
<testsuite hostname="DESKTOP-MQ749LA" failures="0" tests="1" name="com.auto.core.AutomationCore" time="29211.600" errors="0" timestamp="16 Nov 2022 02:02:28 GMT" skipped="0">
  <testcase classname="com.auto.core.AutomationCore" name="tagUpdater" time="29211.600"/>
</testsuite> <!-- com.auto.core.AutomationCore -->
