<?xml version="1.0" encoding="UTF-8"?>
<!-- Generated by org.testng.reporters.JUnitReportReporter -->
<testsuite hostname="DESKTOP-MQ749LA" failures="0" tests="1" name="com.auto.core.AutomationCore" time="49.031" errors="0" timestamp="06 Oct 2022 05:59:36 GMT" skipped="0">
  <testcase classname="com.auto.core.AutomationCore" name="healthFirst" time="49.031"/>
</testsuite> <!-- com.auto.core.AutomationCore -->
