<?xml version="1.0" encoding="UTF-8"?>
<!-- Generated by org.testng.reporters.JUnitReportReporter -->
<testsuite hostname="DESKTOP-MQ749LA" failures="0" tests="1" name="com.auto.core.AutomationCore" time="67.081" errors="0" timestamp="2022-12-07T17:10:39 IST" skipped="0">
  <testcase classname="com.auto.core.AutomationCore" name="DxAddAndRemoveTag" time="67.081"/>
  <system-out/>
</testsuite> <!-- com.auto.core.AutomationCore -->
