<?xml version="1.0" encoding="UTF-8"?>
<!-- Generated by org.testng.reporters.JUnitReportReporter -->
<testsuite hostname="DESKTOP-MQ749LA" failures="0" tests="1" name="com.auto.core.AutomationCore" time="96.296" errors="0" timestamp="2022-12-01T18:36:40 IST" skipped="0">
  <testcase classname="com.auto.core.AutomationCore" name="manualWriteOffWithComment" time="96.296"/>
  <system-out/>
</testsuite> <!-- com.auto.core.AutomationCore -->
