<?xml version="1.0" encoding="UTF-8"?>
<!-- Generated by org.testng.reporters.JUnitReportReporter -->
<testsuite hostname="DESKTOP-MQ749LA" failures="0" tests="2" name="com.auto.core.AutomationCore" time="33.990" errors="0" timestamp="2022-12-12T15:03:29 IST" skipped="0">
  <testcase classname="com.auto.core.AutomationCore" name="collectiveTagUpdate2" time="16.957"/>
  <system-out/>
  <testcase classname="com.auto.core.AutomationCore" name="collectiveTagUpdate" time="17.033"/>
  <system-out/>
</testsuite> <!-- com.auto.core.AutomationCore -->
