<?xml version="1.0" encoding="UTF-8"?>
<!-- Generated by org.testng.reporters.JUnitReportReporter -->
<testsuite hostname="DESKTOP-MQ749LA" failures="0" tests="1" name="com.auto.core.AutomationCore" time="66.828" errors="0" timestamp="2022-12-13T14:49:57 IST" skipped="0">
  <testcase classname="com.auto.core.AutomationCore" name="manualWriteOffBasedOnStudy" time="66.828"/>
  <system-out/>
</testsuite> <!-- com.auto.core.AutomationCore -->
