<?xml version="1.0" encoding="UTF-8"?>
<!-- Generated by org.testng.reporters.JUnitReportReporter -->
<testsuite hostname="Remoteserver50" failures="0" tests="1" name="com.auto.core.AutomationCore" time="44969.207" errors="0" timestamp="19 Nov 2022 03:24:25 GMT" skipped="0">
  <testcase classname="com.auto.core.AutomationCore" name="tagUpdaterWithServiceID" time="44969.207"/>
</testsuite> <!-- com.auto.core.AutomationCore -->
