<?xml version="1.0" encoding="UTF-8"?>
<!-- Generated by org.testng.reporters.JUnitReportReporter -->
<testsuite hostname="DESKTOP-MQ749LA" failures="0" tests="1" name="com.auto.core.AutomationCore" time="1843.638" errors="0" timestamp="2022-11-28T07:57:43 IST" skipped="0">
  <testcase classname="com.auto.core.AutomationCore" name="manualClose" time="1843.638"/>
  <system-out/>
</testsuite> <!-- com.auto.core.AutomationCore -->
